<?xml version="1.0" encoding="UTF-8"?>
<testsuite name="Automatizacion de Api Rest" tests="1" skipped="0" failures="0" errors="0" timestamp="2021-12-13T02:26:04" hostname="DESKTOP-GD1E66F" time="6.831">
  <properties/>
  <testcase name="Cosultar informacion  de usuario" classname="Automatizacion de Api Rest" time="6.831"/>
  <system-out><![CDATA[HTTP/1.1 200 OK
Server: nginx
Date: Mon, 13 Dec 2021 02:26:10 GMT
Content-Type: application/json; charset=utf-8
Transfer-Encoding: chunked
Connection: keep-alive
Vary: Accept-Encoding
X-Frame-Options: SAMEORIGIN
X-XSS-Protection: 1; mode=block
X-Content-Type-Options: nosniff
X-Download-Options: noopen
X-Permitted-Cross-Domain-Policies: none
Referrer-Policy: strict-origin-when-cross-origin
ETag: W/"b654e1cd0d3be5d471e57be8f71a8543"
Cache-Control: max-age=0, private, must-revalidate
X-Request-Id: d4e2185d-d2c1-454e-9ad3-7e7190708855
X-Runtime: 0.012287
Strict-Transport-Security: max-age=63072000; includeSubDomains
Vary: Origin
Content-Encoding: gzip

{
    "code": 404,
    "meta": null,
    "data": {
        "message": "Resource not found"
    }
}
]]></system-out>
  <system-err><![CDATA[[Test worker] INFO io.cucumber.core.plugin.SerenityReporter - Running feature from file:///D:/Archivos/Cursos%20de%20Sophos/Automatizacion-RestAPI-y-ScreenPlay/ScreenplayRestApi/src/test/resources/com/sophossolutions/features/get_gorest.feature
[Test worker] INFO  - 
  _____   ___   ___   _____     ___   _____     _     ___   _____   ___   ___  
 |_   _| | __| / __| |_   _|   / __| |_   _|   /_\   | _ \ |_   _| | __| |   \ 
   | |   | _|  \__ \   | |     \__ \   | |    / _ \  |   /   | |   | _|  | |) |
   |_|   |___| |___/   |_|     |___/   |_|   /_/ \_\ |_|_\   |_|   |___| |___/ 

Cosultar informacion  de usuario(automatizacion-de-api-rest;cosultar-informacion--de-usuario)
--------------------------------------------------------------------------------
[Test worker] INFO  - 
  _____   ___   ___   _____     ___     _     ___   ___   ___   ___  
 |_   _| | __| / __| |_   _|   | _ \   /_\   / __| / __| | __| |   \ 
   | |   | _|  \__ \   | |     |  _/  / _ \  \__ \ \__ \ | _|  | |) |
   |_|   |___| |___/   |_|     |_|   /_/ \_\ |___/ |___/ |___| |___/ 

Cosultar informacion  de usuario
----------------------------------------------------------------------
]]></system-err>
</testsuite>
